Determining if the pthread_create exist failed with the following output:
Change Dir: /home/anjali/turtle_ws/build/CMakeFiles/CMakeTmp

Run Build Command:"/usr/bin/make" "cmTC_e24ba/fast"
/usr/bin/make -f CMakeFiles/cmTC_e24ba.dir/build.make CMakeFiles/cmTC_e24ba.dir/build
make[1]: Entering directory '/home/anjali/turtle_ws/build/CMakeFiles/CMakeTmp'
Building C object CMakeFiles/cmTC_e24ba.dir/CheckSymbolExists.c.o
/usr/bin/cc    -o CMakeFiles/cmTC_e24ba.dir/CheckSymbolExists.c.o   -c /home/anjali/turtle_ws/build/CMakeFiles/CMakeTmp/CheckSymbolExists.c
Linking C executable cmTC_e24ba
/usr/bin/cmake -E cmake_link_script CMakeFiles/cmTC_e24ba.dir/link.txt --verbose=1
/usr/bin/cc      -rdynamic CMakeFiles/cmTC_e24ba.dir/CheckSymbolExists.c.o  -o cmTC_e24ba 
CMakeFiles/cmTC_e24ba.dir/CheckSymbolExists.c.o: In function `main':
CheckSymbolExists.c:(.text+0x1b): undefined reference to `pthread_create'
collect2: error: ld returned 1 exit status
CMakeFiles/cmTC_e24ba.dir/build.make:97: recipe for target 'cmTC_e24ba' failed
make[1]: *** [cmTC_e24ba] Error 1
make[1]: Leaving directory '/home/anjali/turtle_ws/build/CMakeFiles/CMakeTmp'
Makefile:126: recipe for target 'cmTC_e24ba/fast' failed
make: *** [cmTC_e24ba/fast] Error 2

File /home/anjali/turtle_ws/build/CMakeFiles/CMakeTmp/CheckSymbolExists.c:
/* */
#include <pthread.h>

int main(int argc, char** argv)
{
  (void)argv;
#ifndef pthread_create
  return ((int*)(&pthread_create))[argc];
#else
  (void)argc;
  return 0;
#endif
}

Determining if the function pthread_create exists in the pthreads failed with the following output:
Change Dir: /home/anjali/turtle_ws/build/CMakeFiles/CMakeTmp

Run Build Command:"/usr/bin/make" "cmTC_21539/fast"
/usr/bin/make -f CMakeFiles/cmTC_21539.dir/build.make CMakeFiles/cmTC_21539.dir/build
make[1]: Entering directory '/home/anjali/turtle_ws/build/CMakeFiles/CMakeTmp'
Building C object CMakeFiles/cmTC_21539.dir/CheckFunctionExists.c.o
/usr/bin/cc   -DCHECK_FUNCTION_EXISTS=pthread_create   -o CMakeFiles/cmTC_21539.dir/CheckFunctionExists.c.o   -c /usr/share/cmake-3.10/Modules/CheckFunctionExists.c
Linking C executable cmTC_21539
/usr/bin/cmake -E cmake_link_script CMakeFiles/cmTC_21539.dir/link.txt --verbose=1
/usr/bin/cc  -DCHECK_FUNCTION_EXISTS=pthread_create    -rdynamic CMakeFiles/cmTC_21539.dir/CheckFunctionExists.c.o  -o cmTC_21539 -lpthreads 
/usr/bin/ld: cannot find -lpthreads
collect2: error: ld returned 1 exit status
CMakeFiles/cmTC_21539.dir/build.make:97: recipe for target 'cmTC_21539' failed
make[1]: *** [cmTC_21539] Error 1
make[1]: Leaving directory '/home/anjali/turtle_ws/build/CMakeFiles/CMakeTmp'
Makefile:126: recipe for target 'cmTC_21539/fast' failed
make: *** [cmTC_21539/fast] Error 2


